typedef?__builtin_va_list
typedef?_fctptr_t?C:\Program Files\Raisonance\Ride\Inc\ST7\INTRIST7.h?25?17
fundecl?_halt_?C:\Program Files\Raisonance\Ride\Inc\ST7\INTRIST7.h?28?22
fundecl?_jmp_?C:\Program Files\Raisonance\Ride\Inc\ST7\INTRIST7.h?29?22
fundecl?_nop_?C:\Program Files\Raisonance\Ride\Inc\ST7\INTRIST7.h?30?22
fundecl?_rim_?C:\Program Files\Raisonance\Ride\Inc\ST7\INTRIST7.h?31?22
fundecl?_sim_?C:\Program Files\Raisonance\Ride\Inc\ST7\INTRIST7.h?35?22
fundecl?_trap_?C:\Program Files\Raisonance\Ride\Inc\ST7\INTRIST7.h?36?22
fundecl?_wfe_?C:\Program Files\Raisonance\Ride\Inc\ST7\INTRIST7.h?38?22
fundecl?_break_?C:\Program Files\Raisonance\Ride\Inc\ST7\INTRIST7.h?39?22
fundecl?_wfi_?C:\Program Files\Raisonance\Ride\Inc\ST7\INTRIST7.h?41?22
fundecl?_getCC_?C:\Program Files\Raisonance\Ride\Inc\ST7\INTRIST7.h?44?22
fundecl?_setCC_?C:\Program Files\Raisonance\Ride\Inc\ST7\INTRIST7.h?45?22
fundecl?_getSP_?C:\Program Files\Raisonance\Ride\Inc\ST7\INTRIST7.h?48?22
fundecl?_setSP_?C:\Program Files\Raisonance\Ride\Inc\ST7\INTRIST7.h?49?22
fundecl?_swapbyte_?C:\Program Files\Raisonance\Ride\Inc\ST7\INTRIST7.h?52?22
fundecl?_swapnibble_?C:\Program Files\Raisonance\Ride\Inc\ST7\INTRIST7.h?53?22
typedef?int32_t?C:\Users\Admin\Documents\Header\examples\UART2_echo/../../stm8/STM8AF_STM8S.h?197?29
typedef?int16_t?C:\Users\Admin\Documents\Header\examples\UART2_echo/../../stm8/STM8AF_STM8S.h?198?29
typedef?int8_t?C:\Users\Admin\Documents\Header\examples\UART2_echo/../../stm8/STM8AF_STM8S.h?199?29
typedef?uint32_t?C:\Users\Admin\Documents\Header\examples\UART2_echo/../../stm8/STM8AF_STM8S.h?201?29
typedef?uint16_t?C:\Users\Admin\Documents\Header\examples\UART2_echo/../../stm8/STM8AF_STM8S.h?202?29
typedef?uint8_t?C:\Users\Admin\Documents\Header\examples\UART2_echo/../../stm8/STM8AF_STM8S.h?203?29
struct??C:\Users\Admin\Documents\Header\examples\UART2_echo/../../stm8/STM8AF_STM8S.h?370?11
struct??C:\Users\Admin\Documents\Header\examples\UART2_echo/../../stm8/STM8AF_STM8S.h?373?5
field?PIN0?C:\Users\Admin\Documents\Header\examples\UART2_echo/../../stm8/STM8AF_STM8S.h?374?15
field?PIN1?C:\Users\Admin\Documents\Header\examples\UART2_echo/../../stm8/STM8AF_STM8S.h?375?15
field?PIN2?C:\Users\Admin\Documents\Header\examples\UART2_echo/../../stm8/STM8AF_STM8S.h?376?15
field?PIN3?C:\Users\Admin\Documents\Header\examples\UART2_echo/../../stm8/STM8AF_STM8S.h?377?15
field?PIN4?C:\Users\Admin\Documents\Header\examples\UART2_echo/../../stm8/STM8AF_STM8S.h?378?15
field?PIN5?C:\Users\Admin\Documents\Header\examples\UART2_echo/../../stm8/STM8AF_STM8S.h?379?15
field?PIN6?C:\Users\Admin\Documents\Header\examples\UART2_echo/../../stm8/STM8AF_STM8S.h?380?15
field?PIN7?C:\Users\Admin\Documents\Header\examples\UART2_echo/../../stm8/STM8AF_STM8S.h?381?15
field?ODR?C:\Users\Admin\Documents\Header\examples\UART2_echo/../../stm8/STM8AF_STM8S.h?382?7
struct??C:\Users\Admin\Documents\Header\examples\UART2_echo/../../stm8/STM8AF_STM8S.h?385?5
field?PIN0?C:\Users\Admin\Documents\Header\examples\UART2_echo/../../stm8/STM8AF_STM8S.h?386?15
field?PIN1?C:\Users\Admin\Documents\Header\examples\UART2_echo/../../stm8/STM8AF_STM8S.h?387?15
field?PIN2?C:\Users\Admin\Documents\Header\examples\UART2_echo/../../stm8/STM8AF_STM8S.h?388?15
field?PIN3?C:\Users\Admin\Documents\Header\examples\UART2_echo/../../stm8/STM8AF_STM8S.h?389?15
field?PIN4?C:\Users\Admin\Documents\Header\examples\UART2_echo/../../stm8/STM8AF_STM8S.h?390?15
field?PIN5?C:\Users\Admin\Documents\Header\examples\UART2_echo/../../stm8/STM8AF_STM8S.h?391?15
field?PIN6?C:\Users\Admin\Documents\Header\examples\UART2_echo/../../stm8/STM8AF_STM8S.h?392?15
field?PIN7?C:\Users\Admin\Documents\Header\examples\UART2_echo/../../stm8/STM8AF_STM8S.h?393?15
field?IDR?C:\Users\Admin\Documents\Header\examples\UART2_echo/../../stm8/STM8AF_STM8S.h?394?7
struct??C:\Users\Admin\Documents\Header\examples\UART2_echo/../../stm8/STM8AF_STM8S.h?397?5
field?PIN0?C:\Users\Admin\Documents\Header\examples\UART2_echo/../../stm8/STM8AF_STM8S.h?398?15
field?PIN1?C:\Users\Admin\Documents\Header\examples\UART2_echo/../../stm8/STM8AF_STM8S.h?399?15
field?PIN2?C:\Users\Admin\Documents\Header\examples\UART2_echo/../../stm8/STM8AF_STM8S.h?400?15
field?PIN3?C:\Users\Admin\Documents\Header\examples\UART2_echo/../../stm8/STM8AF_STM8S.h?401?15
field?PIN4?C:\Users\Admin\Documents\Header\examples\UART2_echo/../../stm8/STM8AF_STM8S.h?402?15
field?PIN5?C:\Users\Admin\Documents\Header\examples\UART2_echo/../../stm8/STM8AF_STM8S.h?403?15
field?PIN6?C:\Users\Admin\Documents\Header\examples\UART2_echo/../../stm8/STM8AF_STM8S.h?404?15
field?PIN7?C:\Users\Admin\Documents\Header\examples\UART2_echo/../../stm8/STM8AF_STM8S.h?405?15
field?DDR?C:\Users\Admin\Documents\Header\examples\UART2_echo/../../stm8/STM8AF_STM8S.h?406?7
struct??C:\Users\Admin\Documents\Header\examples\UART2_echo/../../stm8/STM8AF_STM8S.h?409?5
field?PIN0?C:\Users\Admin\Documents\Header\examples\UART2_echo/../../stm8/STM8AF_STM8S.h?410?15
field?PIN1?C:\Users\Admin\Documents\Header\examples\UART2_echo/../../stm8/STM8AF_STM8S.h?411?15
field?PIN2?C:\Users\Admin\Documents\Header\examples\UART2_echo/../../stm8/STM8AF_STM8S.h?412?15
field?PIN3?C:\Users\Admin\Documents\Header\examples\UART2_echo/../../stm8/STM8AF_STM8S.h?413?15
field?PIN4?C:\Users\Admin\Documents\Header\examples\UART2_echo/../../stm8/STM8AF_STM8S.h?414?15
field?PIN5?C:\Users\Admin\Documents\Header\examples\UART2_echo/../../stm8/STM8AF_STM8S.h?415?15
field?PIN6?C:\Users\Admin\Documents\Header\examples\UART2_echo/../../stm8/STM8AF_STM8S.h?416?15
field?PIN7?C:\Users\Admin\Documents\Header\examples\UART2_echo/../../stm8/STM8AF_STM8S.h?417?15
field?CR1?C:\Users\Admin\Documents\Header\examples\UART2_echo/../../stm8/STM8AF_STM8S.h?418?7
struct??C:\Users\Admin\Documents\Header\examples\UART2_echo/../../stm8/STM8AF_STM8S.h?421?5
field?PIN0?C:\Users\Admin\Documents\Header\examples\UART2_echo/../../stm8/STM8AF_STM8S.h?422?15
field?PIN1?C:\Users\Admin\Documents\Header\examples\UART2_echo/../../stm8/STM8AF_STM8S.h?423?15
field?PIN2?C:\Users\Admin\Documents\Header\examples\UART2_echo/../../stm8/STM8AF_STM8S.h?424?15
field?PIN3?C:\Users\Admin\Documents\Header\examples\UART2_echo/../../stm8/STM8AF_STM8S.h?425?15
field?PIN4?C:\Users\Admin\Documents\Header\examples\UART2_echo/../../stm8/STM8AF_STM8S.h?426?15
field?PIN5?C:\Users\Admin\Documents\Header\examples\UART2_echo/../../stm8/STM8AF_STM8S.h?427?15
field?PIN6?C:\Users\Admin\Documents\Header\examples\UART2_echo/../../stm8/STM8AF_STM8S.h?428?15
field?PIN7?C:\Users\Admin\Documents\Header\examples\UART2_echo/../../stm8/STM8AF_STM8S.h?429?15
field?CR2?C:\Users\Admin\Documents\Header\examples\UART2_echo/../../stm8/STM8AF_STM8S.h?430?7
typedef?PORT_t?C:\Users\Admin\Documents\Header\examples\UART2_echo/../../stm8/STM8AF_STM8S.h?432?5
struct??C:\Users\Admin\Documents\Header\examples\UART2_echo/../../stm8/STM8AF_STM8S.h?550?11
struct??C:\Users\Admin\Documents\Header\examples\UART2_echo/../../stm8/STM8AF_STM8S.h?553?5
field?FIX?C:\Users\Admin\Documents\Header\examples\UART2_echo/../../stm8/STM8AF_STM8S.h?554?15
field?IE?C:\Users\Admin\Documents\Header\examples\UART2_echo/../../stm8/STM8AF_STM8S.h?555?15
field?AHALT?C:\Users\Admin\Documents\Header\examples\UART2_echo/../../stm8/STM8AF_STM8S.h?556?15
field?HALT?C:\Users\Admin\Documents\Header\examples\UART2_echo/../../stm8/STM8AF_STM8S.h?557?15
field?res?C:\Users\Admin\Documents\Header\examples\UART2_echo/../../stm8/STM8AF_STM8S.h?558?15
field?CR1?C:\Users\Admin\Documents\Header\examples\UART2_echo/../../stm8/STM8AF_STM8S.h?559?7
struct??C:\Users\Admin\Documents\Header\examples\UART2_echo/../../stm8/STM8AF_STM8S.h?563?5
field?PRG?C:\Users\Admin\Documents\Header\examples\UART2_echo/../../stm8/STM8AF_STM8S.h?564?15
field?res?C:\Users\Admin\Documents\Header\examples\UART2_echo/../../stm8/STM8AF_STM8S.h?565?15
field?FPRG?C:\Users\Admin\Documents\Header\examples\UART2_echo/../../stm8/STM8AF_STM8S.h?566?15
field?ERASE?C:\Users\Admin\Documents\Header\examples\UART2_echo/../../stm8/STM8AF_STM8S.h?567?15
field?WPRG?C:\Users\Admin\Documents\Header\examples\UART2_echo/../../stm8/STM8AF_STM8S.h?568?15
field?OPT?C:\Users\Admin\Documents\Header\examples\UART2_echo/../../stm8/STM8AF_STM8S.h?569?15
field?CR2?C:\Users\Admin\Documents\Header\examples\UART2_echo/../../stm8/STM8AF_STM8S.h?570?7
struct??C:\Users\Admin\Documents\Header\examples\UART2_echo/../../stm8/STM8AF_STM8S.h?574?5
field?PRG?C:\Users\Admin\Documents\Header\examples\UART2_echo/../../stm8/STM8AF_STM8S.h?575?13
field?res?C:\Users\Admin\Documents\Header\examples\UART2_echo/../../stm8/STM8AF_STM8S.h?576?13
field?FPRG?C:\Users\Admin\Documents\Header\examples\UART2_echo/../../stm8/STM8AF_STM8S.h?577?13
field?ERASE?C:\Users\Admin\Documents\Header\examples\UART2_echo/../../stm8/STM8AF_STM8S.h?578?13
field?WPRG?C:\Users\Admin\Documents\Header\examples\UART2_echo/../../stm8/STM8AF_STM8S.h?579?13
field?OPT?C:\Users\Admin\Documents\Header\examples\UART2_echo/../../stm8/STM8AF_STM8S.h?580?13
field?NCR2?C:\Users\Admin\Documents\Header\examples\UART2_echo/../../stm8/STM8AF_STM8S.h?581?7
struct??C:\Users\Admin\Documents\Header\examples\UART2_echo/../../stm8/STM8AF_STM8S.h?585?5
field?WPB?C:\Users\Admin\Documents\Header\examples\UART2_echo/../../stm8/STM8AF_STM8S.h?586?13
field?res?C:\Users\Admin\Documents\Header\examples\UART2_echo/../../stm8/STM8AF_STM8S.h?587?13
field?FPR?C:\Users\Admin\Documents\Header\examples\UART2_echo/../../stm8/STM8AF_STM8S.h?588?7
struct??C:\Users\Admin\Documents\Header\examples\UART2_echo/../../stm8/STM8AF_STM8S.h?592?5
field?WPB?C:\Users\Admin\Documents\Header\examples\UART2_echo/../../stm8/STM8AF_STM8S.h?593?13
field?res?C:\Users\Admin\Documents\Header\examples\UART2_echo/../../stm8/STM8AF_STM8S.h?594?13
field?NFPR?C:\Users\Admin\Documents\Header\examples\UART2_echo/../../stm8/STM8AF_STM8S.h?595?7
struct??C:\Users\Admin\Documents\Header\examples\UART2_echo/../../stm8/STM8AF_STM8S.h?599?5
field?WR_PG_DIS?C:\Users\Admin\Documents\Header\examples\UART2_echo/../../stm8/STM8AF_STM8S.h?600?13
field?PUL?C:\Users\Admin\Documents\Header\examples\UART2_echo/../../stm8/STM8AF_STM8S.h?601?13
field?EOP?C:\Users\Admin\Documents\Header\examples\UART2_echo/../../stm8/STM8AF_STM8S.h?602?13
field?DUL?C:\Users\Admin\Documents\Header\examples\UART2_echo/../../stm8/STM8AF_STM8S.h?603?13
field?res?C:\Users\Admin\Documents\Header\examples\UART2_echo/../../stm8/STM8AF_STM8S.h?604?13
field?HVOFF?C:\Users\Admin\Documents\Header\examples\UART2_echo/../../stm8/STM8AF_STM8S.h?605?13
field?res2?C:\Users\Admin\Documents\Header\examples\UART2_echo/../../stm8/STM8AF_STM8S.h?606?13
field?IAPSR?C:\Users\Admin\Documents\Header\examples\UART2_echo/../../stm8/STM8AF_STM8S.h?607?7
field?res?C:\Users\Admin\Documents\Header\examples\UART2_echo/../../stm8/STM8AF_STM8S.h?611?15
field?PUKR?C:\Users\Admin\Documents\Header\examples\UART2_echo/../../stm8/STM8AF_STM8S.h?615?15
field?res2?C:\Users\Admin\Documents\Header\examples\UART2_echo/../../stm8/STM8AF_STM8S.h?619?15
field?DUKR?C:\Users\Admin\Documents\Header\examples\UART2_echo/../../stm8/STM8AF_STM8S.h?623?15
typedef?FLASH_t?C:\Users\Admin\Documents\Header\examples\UART2_echo/../../stm8/STM8AF_STM8S.h?625?5
struct??C:\Users\Admin\Documents\Header\examples\UART2_echo/../../stm8/STM8AF_STM8S.h?686?11
struct??C:\Users\Admin\Documents\Header\examples\UART2_echo/../../stm8/STM8AF_STM8S.h?689?5
field?HSIEN?C:\Users\Admin\Documents\Header\examples\UART2_echo/../../stm8/STM8AF_STM8S.h?690?15
field?HSIRDY?C:\Users\Admin\Documents\Header\examples\UART2_echo/../../stm8/STM8AF_STM8S.h?691?15
field?FHW?C:\Users\Admin\Documents\Header\examples\UART2_echo/../../stm8/STM8AF_STM8S.h?692?15
field?LSIEN?C:\Users\Admin\Documents\Header\examples\UART2_echo/../../stm8/STM8AF_STM8S.h?693?15
field?LSIRDY?C:\Users\Admin\Documents\Header\examples\UART2_echo/../../stm8/STM8AF_STM8S.h?694?15
field?REGAH?C:\Users\Admin\Documents\Header\examples\UART2_echo/../../stm8/STM8AF_STM8S.h?695?15
field?res?C:\Users\Admin\Documents\Header\examples\UART2_echo/../../stm8/STM8AF_STM8S.h?696?15
field?ICKR?C:\Users\Admin\Documents\Header\examples\UART2_echo/../../stm8/STM8AF_STM8S.h?697?7
struct??C:\Users\Admin\Documents\Header\examples\UART2_echo/../../stm8/STM8AF_STM8S.h?701?5
field?HSEEN?C:\Users\Admin\Documents\Header\examples\UART2_echo/../../stm8/STM8AF_STM8S.h?702?15
field?HSERDY?C:\Users\Admin\Documents\Header\examples\UART2_echo/../../stm8/STM8AF_STM8S.h?703?15
field?res?C:\Users\Admin\Documents\Header\examples\UART2_echo/../../stm8/STM8AF_STM8S.h?704?15
field?ECKR?C:\Users\Admin\Documents\Header\examples\UART2_echo/../../stm8/STM8AF_STM8S.h?705?7
field?res?C:\Users\Admin\Documents\Header\examples\UART2_echo/../../stm8/STM8AF_STM8S.h?709?15
struct??C:\Users\Admin\Documents\Header\examples\UART2_echo/../../stm8/STM8AF_STM8S.h?713?5
field?CKM?C:\Users\Admin\Documents\Header\examples\UART2_echo/../../stm8/STM8AF_STM8S.h?714?15
field?CMSR?C:\Users\Admin\Documents\Header\examples\UART2_echo/../../stm8/STM8AF_STM8S.h?715?7
struct??C:\Users\Admin\Documents\Header\examples\UART2_echo/../../stm8/STM8AF_STM8S.h?719?5
field?SWI?C:\Users\Admin\Documents\Header\examples\UART2_echo/../../stm8/STM8AF_STM8S.h?720?15
field?SWR?C:\Users\Admin\Documents\Header\examples\UART2_echo/../../stm8/STM8AF_STM8S.h?721?7
struct??C:\Users\Admin\Documents\Header\examples\UART2_echo/../../stm8/STM8AF_STM8S.h?725?5
field?SWBSY?C:\Users\Admin\Documents\Header\examples\UART2_echo/../../stm8/STM8AF_STM8S.h?726?15
field?SWEN?C:\Users\Admin\Documents\Header\examples\UART2_echo/../../stm8/STM8AF_STM8S.h?727?15
field?SWIEN?C:\Users\Admin\Documents\Header\examples\UART2_echo/../../stm8/STM8AF_STM8S.h?728?15
field?SWIF?C:\Users\Admin\Documents\Header\examples\UART2_echo/../../stm8/STM8AF_STM8S.h?729?15
field?res?C:\Users\Admin\Documents\Header\examples\UART2_echo/../../stm8/STM8AF_STM8S.h?730?15
field?SWCR?C:\Users\Admin\Documents\Header\examples\UART2_echo/../../stm8/STM8AF_STM8S.h?731?7
struct??C:\Users\Admin\Documents\Header\examples\UART2_echo/../../stm8/STM8AF_STM8S.h?735?5
field?CPUDIV?C:\Users\Admin\Documents\Header\examples\UART2_echo/../../stm8/STM8AF_STM8S.h?736?15
field?HSIDIV?C:\Users\Admin\Documents\Header\examples\UART2_echo/../../stm8/STM8AF_STM8S.h?737?15
field?res?C:\Users\Admin\Documents\Header\examples\UART2_echo/../../stm8/STM8AF_STM8S.h?738?15
field?CKDIVR?C:\Users\Admin\Documents\Header\examples\UART2_echo/../../stm8/STM8AF_STM8S.h?739?7
struct??C:\Users\Admin\Documents\Header\examples\UART2_echo/../../stm8/STM8AF_STM8S.h?743?5
field?PCKEN_I2C?C:\Users\Admin\Documents\Header\examples\UART2_echo/../../stm8/STM8AF_STM8S.h?744?15
field?PCKEN_SPI?C:\Users\Admin\Documents\Header\examples\UART2_echo/../../stm8/STM8AF_STM8S.h?745?15
field?PCKEN_UART1?C:\Users\Admin\Documents\Header\examples\UART2_echo/../../stm8/STM8AF_STM8S.h?746?15
field?PCKEN_UART2?C:\Users\Admin\Documents\Header\examples\UART2_echo/../../stm8/STM8AF_STM8S.h?747?15
field?PCKEN_TIM4_TIM6?C:\Users\Admin\Documents\Header\examples\UART2_echo/../../stm8/STM8AF_STM8S.h?748?15
field?PCKEN_TIM2_TIM5?C:\Users\Admin\Documents\Header\examples\UART2_echo/../../stm8/STM8AF_STM8S.h?749?15
field?PCKEN_TIM3?C:\Users\Admin\Documents\Header\examples\UART2_echo/../../stm8/STM8AF_STM8S.h?750?15
field?PCKEN_TIM1?C:\Users\Admin\Documents\Header\examples\UART2_echo/../../stm8/STM8AF_STM8S.h?751?15
field?PCKENR1?C:\Users\Admin\Documents\Header\examples\UART2_echo/../../stm8/STM8AF_STM8S.h?752?7
struct??C:\Users\Admin\Documents\Header\examples\UART2_echo/../../stm8/STM8AF_STM8S.h?756?5
field?CSSEN?C:\Users\Admin\Documents\Header\examples\UART2_echo/../../stm8/STM8AF_STM8S.h?757?15
field?AUX?C:\Users\Admin\Documents\Header\examples\UART2_echo/../../stm8/STM8AF_STM8S.h?758?15
field?CSSDIE?C:\Users\Admin\Documents\Header\examples\UART2_echo/../../stm8/STM8AF_STM8S.h?759?15
field?CSSD?C:\Users\Admin\Documents\Header\examples\UART2_echo/../../stm8/STM8AF_STM8S.h?760?15
field?res?C:\Users\Admin\Documents\Header\examples\UART2_echo/../../stm8/STM8AF_STM8S.h?761?15
field?CSSR?C:\Users\Admin\Documents\Header\examples\UART2_echo/../../stm8/STM8AF_STM8S.h?762?7
struct??C:\Users\Admin\Documents\Header\examples\UART2_echo/../../stm8/STM8AF_STM8S.h?766?5
field?CCOEN?C:\Users\Admin\Documents\Header\examples\UART2_echo/../../stm8/STM8AF_STM8S.h?767?15
field?CCOSEL?C:\Users\Admin\Documents\Header\examples\UART2_echo/../../stm8/STM8AF_STM8S.h?768?15
field?CCORDY?C:\Users\Admin\Documents\Header\examples\UART2_echo/../../stm8/STM8AF_STM8S.h?769?15
field?CCOBSY?C:\Users\Admin\Documents\Header\examples\UART2_echo/../../stm8/STM8AF_STM8S.h?770?15
field?res?C:\Users\Admin\Documents\Header\examples\UART2_echo/../../stm8/STM8AF_STM8S.h?771?15
field?CCOR?C:\Users\Admin\Documents\Header\examples\UART2_echo/../../stm8/STM8AF_STM8S.h?772?7
struct??C:\Users\Admin\Documents\Header\examples\UART2_echo/../../stm8/STM8AF_STM8S.h?776?5
field?res?C:\Users\Admin\Documents\Header\examples\UART2_echo/../../stm8/STM8AF_STM8S.h?777?15
field?PCKEN_AWU?C:\Users\Admin\Documents\Header\examples\UART2_echo/../../stm8/STM8AF_STM8S.h?778?15
field?PCKEN_ADC?C:\Users\Admin\Documents\Header\examples\UART2_echo/../../stm8/STM8AF_STM8S.h?779?15
field?res2?C:\Users\Admin\Documents\Header\examples\UART2_echo/../../stm8/STM8AF_STM8S.h?780?15
field?PCKEN_CAN?C:\Users\Admin\Documents\Header\examples\UART2_echo/../../stm8/STM8AF_STM8S.h?781?15
field?PCKENR2?C:\Users\Admin\Documents\Header\examples\UART2_echo/../../stm8/STM8AF_STM8S.h?782?7
field?res2?C:\Users\Admin\Documents\Header\examples\UART2_echo/../../stm8/STM8AF_STM8S.h?786?15
struct??C:\Users\Admin\Documents\Header\examples\UART2_echo/../../stm8/STM8AF_STM8S.h?790?5
field?HSITRIM?C:\Users\Admin\Documents\Header\examples\UART2_echo/../../stm8/STM8AF_STM8S.h?791?15
field?res?C:\Users\Admin\Documents\Header\examples\UART2_echo/../../stm8/STM8AF_STM8S.h?792?15
field?HSITRIMR?C:\Users\Admin\Documents\Header\examples\UART2_echo/../../stm8/STM8AF_STM8S.h?793?7
struct??C:\Users\Admin\Documents\Header\examples\UART2_echo/../../stm8/STM8AF_STM8S.h?797?5
field?SWIMCLK?C:\Users\Admin\Documents\Header\examples\UART2_echo/../../stm8/STM8AF_STM8S.h?798?15
field?res?C:\Users\Admin\Documents\Header\examples\UART2_echo/../../stm8/STM8AF_STM8S.h?799?15
field?SWIMCCR?C:\Users\Admin\Documents\Header\examples\UART2_echo/../../stm8/STM8AF_STM8S.h?800?7
typedef?CLK_t?C:\Users\Admin\Documents\Header\examples\UART2_echo/../../stm8/STM8AF_STM8S.h?802?5
struct??C:\Users\Admin\Documents\Header\examples\UART2_echo/../../stm8/STM8AF_STM8S.h?927?11
struct??C:\Users\Admin\Documents\Header\examples\UART2_echo/../../stm8/STM8AF_STM8S.h?930?5
field?PE?C:\Users\Admin\Documents\Header\examples\UART2_echo/../../stm8/STM8AF_STM8S.h?931?15
field?FE?C:\Users\Admin\Documents\Header\examples\UART2_echo/../../stm8/STM8AF_STM8S.h?932?15
field?NF?C:\Users\Admin\Documents\Header\examples\UART2_echo/../../stm8/STM8AF_STM8S.h?933?15
field?OR_LHE?C:\Users\Admin\Documents\Header\examples\UART2_echo/../../stm8/STM8AF_STM8S.h?934?15
field?IDLE?C:\Users\Admin\Documents\Header\examples\UART2_echo/../../stm8/STM8AF_STM8S.h?935?15
field?RXNE?C:\Users\Admin\Documents\Header\examples\UART2_echo/../../stm8/STM8AF_STM8S.h?936?15
field?TC?C:\Users\Admin\Documents\Header\examples\UART2_echo/../../stm8/STM8AF_STM8S.h?937?15
field?TXE?C:\Users\Admin\Documents\Header\examples\UART2_echo/../../stm8/STM8AF_STM8S.h?938?15
field?SR?C:\Users\Admin\Documents\Header\examples\UART2_echo/../../stm8/STM8AF_STM8S.h?939?7
field?DR?C:\Users\Admin\Documents\Header\examples\UART2_echo/../../stm8/STM8AF_STM8S.h?943?15
struct??C:\Users\Admin\Documents\Header\examples\UART2_echo/../../stm8/STM8AF_STM8S.h?947?5
field?DIV_4_11?C:\Users\Admin\Documents\Header\examples\UART2_echo/../../stm8/STM8AF_STM8S.h?948?15
field?BRR1?C:\Users\Admin\Documents\Header\examples\UART2_echo/../../stm8/STM8AF_STM8S.h?949?7
struct??C:\Users\Admin\Documents\Header\examples\UART2_echo/../../stm8/STM8AF_STM8S.h?953?5
field?DIV_0_3?C:\Users\Admin\Documents\Header\examples\UART2_echo/../../stm8/STM8AF_STM8S.h?954?15
field?DIV_12_15?C:\Users\Admin\Documents\Header\examples\UART2_echo/../../stm8/STM8AF_STM8S.h?955?15
field?BRR2?C:\Users\Admin\Documents\Header\examples\UART2_echo/../../stm8/STM8AF_STM8S.h?956?7
struct??C:\Users\Admin\Documents\Header\examples\UART2_echo/../../stm8/STM8AF_STM8S.h?960?5
field?PIEN?C:\Users\Admin\Documents\Header\examples\UART2_echo/../../stm8/STM8AF_STM8S.h?961?15
field?PS?C:\Users\Admin\Documents\Header\examples\UART2_echo/../../stm8/STM8AF_STM8S.h?962?15
field?PCEN?C:\Users\Admin\Documents\Header\examples\UART2_echo/../../stm8/STM8AF_STM8S.h?963?15
field?WAKE?C:\Users\Admin\Documents\Header\examples\UART2_echo/../../stm8/STM8AF_STM8S.h?964?15
field?M?C:\Users\Admin\Documents\Header\examples\UART2_echo/../../stm8/STM8AF_STM8S.h?965?15
field?UARTD?C:\Users\Admin\Documents\Header\examples\UART2_echo/../../stm8/STM8AF_STM8S.h?966?15
field?T8?C:\Users\Admin\Documents\Header\examples\UART2_echo/../../stm8/STM8AF_STM8S.h?967?15
field?R8?C:\Users\Admin\Documents\Header\examples\UART2_echo/../../stm8/STM8AF_STM8S.h?968?15
field?CR1?C:\Users\Admin\Documents\Header\examples\UART2_echo/../../stm8/STM8AF_STM8S.h?969?7
struct??C:\Users\Admin\Documents\Header\examples\UART2_echo/../../stm8/STM8AF_STM8S.h?973?5
field?SBK?C:\Users\Admin\Documents\Header\examples\UART2_echo/../../stm8/STM8AF_STM8S.h?974?15
field?RWU?C:\Users\Admin\Documents\Header\examples\UART2_echo/../../stm8/STM8AF_STM8S.h?975?15
field?REN?C:\Users\Admin\Documents\Header\examples\UART2_echo/../../stm8/STM8AF_STM8S.h?976?15
field?TEN?C:\Users\Admin\Documents\Header\examples\UART2_echo/../../stm8/STM8AF_STM8S.h?977?15
field?ILIEN?C:\Users\Admin\Documents\Header\examples\UART2_echo/../../stm8/STM8AF_STM8S.h?978?15
field?RIEN?C:\Users\Admin\Documents\Header\examples\UART2_echo/../../stm8/STM8AF_STM8S.h?979?15
field?TCIEN?C:\Users\Admin\Documents\Header\examples\UART2_echo/../../stm8/STM8AF_STM8S.h?980?15
field?TIEN?C:\Users\Admin\Documents\Header\examples\UART2_echo/../../stm8/STM8AF_STM8S.h?981?15
field?CR2?C:\Users\Admin\Documents\Header\examples\UART2_echo/../../stm8/STM8AF_STM8S.h?982?7
struct??C:\Users\Admin\Documents\Header\examples\UART2_echo/../../stm8/STM8AF_STM8S.h?986?5
field?LBCL?C:\Users\Admin\Documents\Header\examples\UART2_echo/../../stm8/STM8AF_STM8S.h?987?15
field?CPHA?C:\Users\Admin\Documents\Header\examples\UART2_echo/../../stm8/STM8AF_STM8S.h?988?15
field?CPOL?C:\Users\Admin\Documents\Header\examples\UART2_echo/../../stm8/STM8AF_STM8S.h?989?15
field?CKEN?C:\Users\Admin\Documents\Header\examples\UART2_echo/../../stm8/STM8AF_STM8S.h?990?15
field?STOP?C:\Users\Admin\Documents\Header\examples\UART2_echo/../../stm8/STM8AF_STM8S.h?991?15
field?LINEN?C:\Users\Admin\Documents\Header\examples\UART2_echo/../../stm8/STM8AF_STM8S.h?992?15
field?res?C:\Users\Admin\Documents\Header\examples\UART2_echo/../../stm8/STM8AF_STM8S.h?993?15
field?CR3?C:\Users\Admin\Documents\Header\examples\UART2_echo/../../stm8/STM8AF_STM8S.h?994?7
struct??C:\Users\Admin\Documents\Header\examples\UART2_echo/../../stm8/STM8AF_STM8S.h?998?5
field?ADD?C:\Users\Admin\Documents\Header\examples\UART2_echo/../../stm8/STM8AF_STM8S.h?999?15
field?LBDF?C:\Users\Admin\Documents\Header\examples\UART2_echo/../../stm8/STM8AF_STM8S.h?1000?15
field?LBDL?C:\Users\Admin\Documents\Header\examples\UART2_echo/../../stm8/STM8AF_STM8S.h?1001?15
field?LBDIEN?C:\Users\Admin\Documents\Header\examples\UART2_echo/../../stm8/STM8AF_STM8S.h?1002?15
field?res?C:\Users\Admin\Documents\Header\examples\UART2_echo/../../stm8/STM8AF_STM8S.h?1003?15
field?CR4?C:\Users\Admin\Documents\Header\examples\UART2_echo/../../stm8/STM8AF_STM8S.h?1004?7
struct??C:\Users\Admin\Documents\Header\examples\UART2_echo/../../stm8/STM8AF_STM8S.h?1008?5
field?res?C:\Users\Admin\Documents\Header\examples\UART2_echo/../../stm8/STM8AF_STM8S.h?1009?15
field?IREN?C:\Users\Admin\Documents\Header\examples\UART2_echo/../../stm8/STM8AF_STM8S.h?1010?15
field?IRLP?C:\Users\Admin\Documents\Header\examples\UART2_echo/../../stm8/STM8AF_STM8S.h?1011?15
field?res2?C:\Users\Admin\Documents\Header\examples\UART2_echo/../../stm8/STM8AF_STM8S.h?1012?15
field?NACK?C:\Users\Admin\Documents\Header\examples\UART2_echo/../../stm8/STM8AF_STM8S.h?1013?15
field?SCEN?C:\Users\Admin\Documents\Header\examples\UART2_echo/../../stm8/STM8AF_STM8S.h?1014?15
field?res3?C:\Users\Admin\Documents\Header\examples\UART2_echo/../../stm8/STM8AF_STM8S.h?1015?15
field?CR5?C:\Users\Admin\Documents\Header\examples\UART2_echo/../../stm8/STM8AF_STM8S.h?1016?7
struct??C:\Users\Admin\Documents\Header\examples\UART2_echo/../../stm8/STM8AF_STM8S.h?1020?5
field?LSF?C:\Users\Admin\Documents\Header\examples\UART2_echo/../../stm8/STM8AF_STM8S.h?1021?15
field?LHDF?C:\Users\Admin\Documents\Header\examples\UART2_echo/../../stm8/STM8AF_STM8S.h?1022?15
field?LHDIEN?C:\Users\Admin\Documents\Header\examples\UART2_echo/../../stm8/STM8AF_STM8S.h?1023?15
field?res?C:\Users\Admin\Documents\Header\examples\UART2_echo/../../stm8/STM8AF_STM8S.h?1024?15
field?LASE?C:\Users\Admin\Documents\Header\examples\UART2_echo/../../stm8/STM8AF_STM8S.h?1025?15
field?LSLV?C:\Users\Admin\Documents\Header\examples\UART2_echo/../../stm8/STM8AF_STM8S.h?1026?15
field?res2?C:\Users\Admin\Documents\Header\examples\UART2_echo/../../stm8/STM8AF_STM8S.h?1027?15
field?LDUM?C:\Users\Admin\Documents\Header\examples\UART2_echo/../../stm8/STM8AF_STM8S.h?1028?15
field?CR6?C:\Users\Admin\Documents\Header\examples\UART2_echo/../../stm8/STM8AF_STM8S.h?1029?7
field?GTR?C:\Users\Admin\Documents\Header\examples\UART2_echo/../../stm8/STM8AF_STM8S.h?1033?15
field?PSCR?C:\Users\Admin\Documents\Header\examples\UART2_echo/../../stm8/STM8AF_STM8S.h?1037?15
typedef?UART2_t?C:\Users\Admin\Documents\Header\examples\UART2_echo/../../stm8/STM8AF_STM8S.h?1039?5
struct??C:\Users\Admin\Documents\Header\examples\UART2_echo/../../stm8/STM8AF_STM8S.h?1150?11
struct??C:\Users\Admin\Documents\Header\examples\UART2_echo/../../stm8/STM8AF_STM8S.h?1153?5
field?CEN?C:\Users\Admin\Documents\Header\examples\UART2_echo/../../stm8/STM8AF_STM8S.h?1154?15
field?UDIS?C:\Users\Admin\Documents\Header\examples\UART2_echo/../../stm8/STM8AF_STM8S.h?1155?15
field?URS?C:\Users\Admin\Documents\Header\examples\UART2_echo/../../stm8/STM8AF_STM8S.h?1156?15
field?OPM?C:\Users\Admin\Documents\Header\examples\UART2_echo/../../stm8/STM8AF_STM8S.h?1157?15
field?res?C:\Users\Admin\Documents\Header\examples\UART2_echo/../../stm8/STM8AF_STM8S.h?1158?15
field?ARPE?C:\Users\Admin\Documents\Header\examples\UART2_echo/../../stm8/STM8AF_STM8S.h?1159?15
field?CR?C:\Users\Admin\Documents\Header\examples\UART2_echo/../../stm8/STM8AF_STM8S.h?1160?7
struct??C:\Users\Admin\Documents\Header\examples\UART2_echo/../../stm8/STM8AF_STM8S.h?1170?5
field?UIE?C:\Users\Admin\Documents\Header\examples\UART2_echo/../../stm8/STM8AF_STM8S.h?1171?15
field?res?C:\Users\Admin\Documents\Header\examples\UART2_echo/../../stm8/STM8AF_STM8S.h?1172?15
field?IER?C:\Users\Admin\Documents\Header\examples\UART2_echo/../../stm8/STM8AF_STM8S.h?1173?7
struct??C:\Users\Admin\Documents\Header\examples\UART2_echo/../../stm8/STM8AF_STM8S.h?1177?5
field?UIF?C:\Users\Admin\Documents\Header\examples\UART2_echo/../../stm8/STM8AF_STM8S.h?1178?15
field?res?C:\Users\Admin\Documents\Header\examples\UART2_echo/../../stm8/STM8AF_STM8S.h?1179?15
field?SR?C:\Users\Admin\Documents\Header\examples\UART2_echo/../../stm8/STM8AF_STM8S.h?1180?7
struct??C:\Users\Admin\Documents\Header\examples\UART2_echo/../../stm8/STM8AF_STM8S.h?1184?5
field?UG?C:\Users\Admin\Documents\Header\examples\UART2_echo/../../stm8/STM8AF_STM8S.h?1185?15
field?res?C:\Users\Admin\Documents\Header\examples\UART2_echo/../../stm8/STM8AF_STM8S.h?1186?15
field?EGR?C:\Users\Admin\Documents\Header\examples\UART2_echo/../../stm8/STM8AF_STM8S.h?1187?7
field?CNTR?C:\Users\Admin\Documents\Header\examples\UART2_echo/../../stm8/STM8AF_STM8S.h?1191?15
struct??C:\Users\Admin\Documents\Header\examples\UART2_echo/../../stm8/STM8AF_STM8S.h?1195?5
field?PSC?C:\Users\Admin\Documents\Header\examples\UART2_echo/../../stm8/STM8AF_STM8S.h?1196?15
field?res?C:\Users\Admin\Documents\Header\examples\UART2_echo/../../stm8/STM8AF_STM8S.h?1197?15
field?PSCR?C:\Users\Admin\Documents\Header\examples\UART2_echo/../../stm8/STM8AF_STM8S.h?1198?7
field?ARR?C:\Users\Admin\Documents\Header\examples\UART2_echo/../../stm8/STM8AF_STM8S.h?1202?15
typedef?TIM4_t?C:\Users\Admin\Documents\Header\examples\UART2_echo/../../stm8/STM8AF_STM8S.h?1204?5
function?$main__?<command line>?6?14
